Case #1: Andrei Wesley 
Case #2: Aravind Mehdi Weiyan Xiao 
Case #3: Atol Clifton Clifton Doan John John Purav Song 
Case #4: Fabien Weiyan 
Case #5: Anshuman Atol Paul Wai 
Case #6: Fabien Kittipat Liang Paul 
Case #7: Atol Bhuwan Bhuwan Lin Nima Vladislav Voja Voja Yingsheng Zainab 
Case #8: Andrei Doan Ekansh Erling Fabien Zef 
Case #9: Aleksandar Aravind Bhuwan Igor 
Case #10: Doan Duc Gaurav John John Jordan Liang Rudradev Thomas Viswanath 
Case #11: Anil Aravind Jan Jan Victor Viswanath 
Case #12: Aravind Ekansh 
Case #13: Andriy David Dmytro Jan John Slawek 
Case #14: Purav Slawek Wai Weiyan 
Case #15: Andriy Jan Lingjuan Wenjie Xiao Yingsheng 
Case #16: Bhuwan Duc Fabien Meihong Vlad Wai 
Case #17: Anil Igor Purav Sanjeet 
Case #18: Chirag Viswanath 
Case #19: Erling Zejia 
Case #20: Aleksandar Andras Anshuman Erling Manohar Xiao 
